6 0.500781 0.564583 0.992188 0.158333
13 0.149219 0.539583 0.298438 0.0625
13 0.147656 0.539583 0.295312 0.0625
13 0.146094 0.540625 0.289062 0.0604167
13 0.142969 0.540625 0.279687 0.0604167
13 0.139844 0.539583 0.276563 0.0583333
13 0.138281 0.538542 0.273438 0.05625
13 0.13125 0.538542 0.2625 0.05625
13 0.128125 0.538542 0.25625 0.05625
13 0.496875 0.570833 0.9875 0.175
13 0.125 0.538542 0.25 0.05625
13 0.121875 0.5375 0.24375 0.0541667
13 0.116406 0.5375 0.232812 0.05
13 0.114063 0.536458 0.225 0.0479167
13 0.110156 0.538542 0.217187 0.0479167
13 0.497656 0.56875 0.989062 0.195833
56 0.292969 0.520833 0.0609375 0.025
13 0.105469 0.535417 0.207813 0.05
13 0.498437 0.573958 0.9875 0.18125
13 0.102344 0.535417 0.204688 0.0458333
13 0.0992187 0.535417 0.195312 0.0458333
13 0.0953125 0.535417 0.1875 0.0458333
13 0.090625 0.534375 0.18125 0.0479167
13 0.0859375 0.533333 0.171875 0.0458333
13 0.0828125 0.535417 0.1625 0.0458333
13 0.078125 0.534375 0.153125 0.04375
13 0.499219 0.577083 0.989062 0.179167
13 0.0742188 0.534375 0.145313 0.04375
13 0.499219 0.571875 0.989062 0.189583
13 0.06875 0.534375 0.134375 0.04375
13 0.499219 0.575 0.989062 0.183333
13 0.0625 0.533333 0.125 0.0416667
13 0.499219 0.578125 0.989062 0.177083
13 0.0578125 0.533333 0.115625 0.0416667
13 0.499219 0.573958 0.985937 0.177083
13 0.0515625 0.534375 0.103125 0.04375
13 0.499219 0.573958 0.989062 0.177083
13 0.499219 0.572917 0.989062 0.170833
13 0.040625 0.533333 0.08125 0.0416667
13 0.034375 0.533333 0.06875 0.0416667
13 0.498437 0.570833 0.990625 0.175
13 0.028125 0.533333 0.05625 0.0375
13 0.496875 0.570833 0.9875 0.179167
13 0.0210938 0.533333 0.0421875 0.0375
13 0.498437 0.570833 0.990625 0.175
13 0.0140625 0.533333 0.028125 0.0375
13 0.498437 0.569792 0.990625 0.172917
13 0.00703125 0.532292 0.0140625 0.0354167
13 0.501562 0.573958 0.978125 0.172917
13 0.5 0.578125 0.99375 0.185417
13 0.498437 0.573958 0.990625 0.18125
13 0.499219 0.567708 0.989062 0.16875
13 0.498437 0.558333 0.984375 0.175
13 0.499219 0.5625 0.982813 0.175
13 0.499219 0.570833 0.989062 0.183333
56 0.167187 0.529167 0.096875 0.0333333
13 0.5 0.576042 0.990625 0.185417
13 0.498437 0.571875 0.990625 0.18125
13 0.498437 0.571875 0.990625 0.189583
13 0.499219 0.570833 0.985937 0.191667
13 0.497656 0.569792 0.985937 0.19375
13 0.498437 0.56875 0.9875 0.183333
13 0.498437 0.557292 0.9875 0.21875
13 0.498437 0.569792 0.9875 0.189583
13 0.496875 0.565625 0.9875 0.185417
13 0.497656 0.566667 0.989062 0.175
13 0.499219 0.56875 0.992188 0.179167
13 0.498437 0.555208 0.9875 0.214583
13 0.501562 0.526042 0.9875 0.235417
13 0.500781 0.539583 0.989062 0.2
13 0.498437 0.540625 0.990625 0.202083
13 0.5 0.5625 0.99375 0.175
13 0.498437 0.55625 0.990625 0.1875
13 0.498437 0.551042 0.990625 0.172917
13 0.498437 0.548958 0.990625 0.18125
13 0.496875 0.564583 0.9875 0.170833
13 0.498437 0.547917 0.9875 0.183333
13 0.497656 0.553125 0.992188 0.172917
13 0.499219 0.553125 0.992188 0.164583
13 0.500781 0.553125 0.995313 0.160417
13 0.499219 0.545833 0.992188 0.175
13 0.499219 0.552083 0.992188 0.170833
13 0.499219 0.542708 0.992188 0.18125
13 0.5 0.552083 0.99375 0.158333
13 0.499219 0.55 0.995313 0.175
13 0.5 0.551042 0.99375 0.177083
13 0.500781 0.554167 0.989062 0.1625
13 0.501562 0.553125 0.9875 0.160417
13 0.500781 0.548958 0.992188 0.16875
13 0.5 0.541667 0.99375 0.175
13 0.498437 0.560417 0.990625 0.179167
25 0.990625 0.517708 0.01875 0.04375
13 0.5 0.539583 0.99375 0.179167
13 0.499219 0.540625 0.992188 0.18125
13 0.498437 0.541667 0.99375 0.170833
13 0.497656 0.542708 0.992188 0.16875
13 0.498437 0.540625 0.996875 0.177083
13 0.499219 0.540625 0.992188 0.18125
13 0.499219 0.539583 0.989062 0.195833
13 0.500781 0.5625 0.989062 0.1875
13 0.5 0.553125 0.990625 0.189583
13 0.498437 0.558333 0.990625 0.170833
13 0.498437 0.552083 0.990625 0.1875
13 0.498437 0.558333 0.9875 0.191667
6 0.501562 0.532292 0.9875 0.197917
13 0.495313 0.551042 0.98125 0.197917
13 0.5 0.547917 0.99375 0.170833
13 0.498437 0.55 0.996875 0.175
6 0.498437 0.58125 0.98125 0.208333
6 0.494531 0.582292 0.979688 0.202083
6 0.494531 0.579167 0.982813 0.208333
60 0.885156 0.852083 0.229687 0.1125
6 0.489844 0.571875 0.973437 0.197917
6 0.495313 0.548958 0.9875 0.15625
6 0.497656 0.557292 0.992188 0.15625
6 0.501562 0.563542 0.996875 0.189583
6 0.502344 0.579167 0.989062 0.2125
60 0.842188 0.853125 0.315625 0.114583
6 0.5 0.569792 0.99375 0.19375
6 0.501562 0.583333 0.990625 0.233333
6 0.790625 0.392708 0.40625 0.21875
6 0.5 0.558333 0.990625 0.183333
6 0.497656 0.554167 0.995313 0.170833
6 0.499219 0.564583 0.992188 0.179167
6 0.499219 0.570833 0.992188 0.2
6 0.501562 0.5875 0.990625 0.233333
6 0.80625 0.36875 0.3875 0.258333
60 0.860156 0.846875 0.279687 0.127083
6 0.501562 0.439583 0.9875 0.454167
6 0.498437 0.566667 0.9875 0.191667
6 0.500781 0.580208 0.992188 0.23125
6 0.5 0.460417 0.99375 0.454167
6 0.497656 0.554167 0.992188 0.1625
6 0.500781 0.442708 0.992188 0.422917
6 0.499219 0.564583 0.992188 0.1875
6 0.498437 0.575 0.990625 0.2
6 0.503125 0.564583 0.9875 0.179167
30 0.223438 0.729167 0.41875 0.0333333
6 0.5 0.5875 0.99375 0.275
60 0.84375 0.838542 0.3125 0.147917
6 0.498437 0.558333 0.996875 0.183333
6 0.499219 0.560417 0.992188 0.179167
6 0.499219 0.55 0.992188 0.183333
4 0.500781 0.573958 0.989062 0.210417
6 0.500781 0.577083 0.989062 0.233333
6 0.498437 0.545833 0.996875 0.183333
6 0.498437 0.542708 0.996875 0.185417
6 0.499219 0.560417 0.992188 0.195833
6 0.499219 0.577083 0.992188 0.2375
6 0.500781 0.577083 0.992188 0.25
6 0.5 0.552083 0.99375 0.2125
6 0.503906 0.578125 0.979688 0.23125
6 0.498437 0.513542 0.99375 0.277083
6 0.5 0.576042 0.99375 0.222917
6 0.502344 0.585417 0.989062 0.254167
6 0.5 0.565625 0.9875 0.252083
60 0.835156 0.845833 0.329688 0.133333
6 0.5 0.53125 0.990625 0.1875
4 0.499219 0.541667 0.992188 0.175
4 0.498437 0.551042 0.996875 0.202083
60 0.796875 0.259375 0.159375 0.210417
4 0.499219 0.558333 0.989062 0.266667
60 0.8125 0.240625 0.16875 0.21875
60 0.864062 0.861458 0.271875 0.0979167
60 0.817187 0.251042 0.171875 0.247917
60 0.832812 0.2375 0.171875 0.254167
4 0.496875 0.557292 0.9875 0.197917
4 0.5 0.56875 0.99375 0.229167
4 0.499219 0.560417 0.995313 0.241667
4 0.532031 0.48125 0.0546875 0.025
9 0.94375 0.485417 0.01875 0.0625
9 0.447656 0.386458 0.0109375 0.0145833
60 0.848437 0.853125 0.3 0.114583
6 0.5 0.498958 0.9875 0.335417
6 0.5 0.488542 0.99375 0.33125
6 0.5 0.478125 0.9875 0.327083
6 0.499219 0.484375 0.989062 0.339583
6 0.5 0.547917 0.99375 0.166667
13 0.421094 0.39375 0.492188 0.233333
13 0.404687 0.375 0.578125 0.266667
6 0.503125 0.459375 0.975 0.422917
13 0.50625 0.440625 0.984375 0.427083
33 0.397656 0.2625 0.0265625 0.0375
6 0.503906 0.4375 0.982813 0.458333
6 0.500781 0.417708 0.976562 0.460417
13 0.388281 0.39375 0.748438 0.433333
13 0.399219 0.390625 0.779688 0.485417
6 0.501562 0.413542 0.990625 0.472917
6 0.498437 0.503125 0.984375 0.28125
6 0.497656 0.509375 0.985937 0.28125
6 0.498437 0.510417 0.990625 0.279167
6 0.494531 0.519792 0.982813 0.272917
6 0.494531 0.510417 0.982813 0.304167
6 0.498437 0.508333 0.990625 0.3
6 0.5 0.488542 0.99375 0.31875
8 0.498437 0.553125 0.990625 0.18125
6 0.499219 0.50625 0.992188 0.279167
8 0.500781 0.542708 0.992188 0.172917
6 0.910156 0.339583 0.179688 0.383333
5 0.910156 0.339583 0.179688 0.3875
6 0.499219 0.520833 0.989062 0.266667
6 0.499219 0.548958 0.995313 0.172917
62 0.951563 0.285417 0.096875 0.325
60 0.951563 0.285417 0.096875 0.329167
6 0.499219 0.558333 0.992188 0.1875
6 0.498437 0.559375 0.990625 0.19375
9 0.65625 0.482292 0.015625 0.0270833
6 0.498437 0.558333 0.990625 0.183333
6 0.498437 0.55625 0.990625 0.183333
6 0.497656 0.558333 0.992188 0.183333
9 0.690625 0.477083 0.0125 0.0291667
6 0.499219 0.558333 0.989062 0.183333
8 0.497656 0.55 0.992188 0.179167
9 0.70625 0.477083 0.009375 0.0291667
6 0.496875 0.555208 0.99375 0.18125
9 0.704687 0.477083 0.015625 0.0375
9 0.717188 0.480208 0.009375 0.03125
8 0.497656 0.552083 0.995313 0.1875
8 0.497656 0.558333 0.995313 0.191667
4 0.497656 0.558333 0.992188 0.195833
8 0.498437 0.546875 0.99375 0.197917
0 0.84375 0.457292 0.03125 0.0645833
8 0.496875 0.546875 0.99375 0.189583
9 0.900781 0.46875 0.0140625 0.05
8 0.5 0.557292 0.99375 0.189583
8 0.499219 0.553125 0.992188 0.185417
8 0.5 0.545833 0.996875 0.191667
8 0.500781 0.558333 0.989062 0.208333
8 0.5 0.563542 0.99375 0.210417
8 0.5 0.552083 0.99375 0.204167
8 0.5 0.546875 0.996875 0.20625
8 0.500781 0.546875 0.992188 0.20625
6 0.499219 0.54375 0.998438 0.195833
8 0.500781 0.547917 0.995313 0.208333
8 0.499219 0.55 0.995313 0.208333
8 0.5 0.553125 0.99375 0.20625
8 0.501562 0.551042 0.990625 0.214583
8 0.501562 0.558333 0.990625 0.225
8 0.500781 0.559375 0.992188 0.222917
8 0.501562 0.561458 0.990625 0.235417
13 0.736719 0.565625 0.526563 0.24375
8 0.735937 0.566667 0.528125 0.241667
8 0.501562 0.567708 0.990625 0.239583
8 0.499219 0.564583 0.992188 0.254167
8 0.499219 0.566667 0.992188 0.266667
8 0.499219 0.571875 0.995313 0.26875
8 0.499219 0.578125 0.995313 0.272917
8 0.5 0.579167 0.9875 0.283333
8 0.5 0.588542 0.99375 0.29375
13 0.715625 0.598958 0.56875 0.302083
13 0.713281 0.60625 0.573438 0.3125
4 0.709375 0.6125 0.58125 0.333333
13 0.703125 0.633333 0.59375 0.391667
13 0.701563 0.676042 0.596875 0.472917
6 0.500781 0.692708 0.995313 0.514583
6 0.500781 0.711458 0.995313 0.53125
60 0.725781 0.5875 0.545313 0.216667
7 0.967188 0.469792 0.059375 0.03125
60 0.779688 0.608333 0.440625 0.266667
4 0.794531 0.605208 0.410937 0.260417
