37 0.953906 0.580208 0.0921875 0.139583
37 0.960156 0.576042 0.0796875 0.122917
37 0.967188 0.572917 0.065625 0.108333
37 0.974219 0.56875 0.0515625 0.0958333
37 0.98125 0.564583 0.0375 0.0791667
13 0.205469 0.55 0.410937 0.116667
13 0.205469 0.553125 0.410937 0.114583
13 0.205469 0.553125 0.410937 0.114583
13 0.223438 0.560417 0.440625 0.116667
13 0.223438 0.560417 0.440625 0.116667
13 0.223438 0.561458 0.44375 0.11875
13 0.223438 0.5625 0.440625 0.116667
13 0.217187 0.563542 0.43125 0.122917
13 0.217969 0.563542 0.435937 0.122917
13 0.21875 0.566667 0.43125 0.125
13 0.214062 0.566667 0.421875 0.129167
13 0.214062 0.567708 0.41875 0.127083
13 0.210938 0.567708 0.415625 0.13125
13 0.210938 0.569792 0.415625 0.135417
13 0.210938 0.571875 0.4125 0.135417
13 0.210938 0.572917 0.409375 0.141667
13 0.211719 0.573958 0.407813 0.14375
13 0.208594 0.573958 0.401563 0.139583
13 0.207031 0.576042 0.395312 0.14375
6 0.500781 0.561458 0.992188 0.14375
13 0.120312 0.534375 0.240625 0.0520833
13 0.114063 0.533333 0.225 0.05
13 0.107031 0.533333 0.210938 0.0458333
13 0.0984375 0.534375 0.196875 0.0479167
13 0.498437 0.575 0.990625 0.183333
13 0.090625 0.533333 0.178125 0.0458333
13 0.0828125 0.532292 0.1625 0.0479167
13 0.0726563 0.533333 0.145313 0.0416667
13 0.498437 0.577083 0.990625 0.1875
13 0.0632813 0.533333 0.126563 0.0416667
13 0.5 0.575 0.9875 0.183333
13 0.053125 0.53125 0.10625 0.0416667
13 0.498437 0.575 0.9875 0.175
13 0.0429688 0.494792 0.0859375 0.110417
13 0.0429688 0.53125 0.0859375 0.0416667
13 0.497656 0.56875 0.989062 0.179167
13 0.0320312 0.530208 0.0640625 0.0395833
13 0.498437 0.571875 0.984375 0.18125
13 0.0078125 0.530208 0.015625 0.0354167
56 0.117969 0.525 0.0828125 0.0291667
13 0.499219 0.579167 0.995313 0.1875
13 0.5 0.578125 0.9875 0.19375
13 0.498437 0.570833 0.984375 0.2
13 0.5 0.575 0.990625 0.191667
13 0.498437 0.573958 0.984375 0.197917
13 0.5 0.570833 0.9875 0.183333
13 0.496875 0.569792 0.99375 0.177083
13 0.498437 0.569792 0.990625 0.18125
13 0.498437 0.569792 0.990625 0.177083
13 0.498437 0.561458 0.9875 0.19375
13 0.498437 0.566667 0.990625 0.1875
13 0.497656 0.554167 0.992188 0.175
13 0.499219 0.566667 0.989062 0.183333
13 0.497656 0.554167 0.992188 0.175
13 0.498437 0.555208 0.99375 0.18125
13 0.498437 0.547917 0.990625 0.2
13 0.5 0.557292 0.990625 0.160417
13 0.499219 0.553125 0.992188 0.172917
13 0.499219 0.542708 0.992188 0.189583
13 0.5 0.55 0.99375 0.170833
13 0.499219 0.55625 0.992188 0.170833
13 0.5 0.558333 0.99375 0.1625
13 0.5 0.55625 0.990625 0.170833
13 0.500781 0.553125 0.992188 0.172917
13 0.501562 0.552083 0.990625 0.179167
13 0.5 0.540625 0.990625 0.19375
13 0.499219 0.541667 0.992188 0.1875
13 0.499219 0.54375 0.992188 0.170833
13 0.499219 0.54375 0.992188 0.170833
13 0.497656 0.541667 0.995313 0.175
13 0.498437 0.541667 0.99375 0.179167
13 0.499219 0.55625 0.992188 0.179167
13 0.499219 0.552083 0.992188 0.195833
13 0.5 0.55 0.9875 0.191667
13 0.5 0.538542 0.99375 0.197917
13 0.499219 0.554167 0.989062 0.195833
13 0.5 0.553125 0.9875 0.214583
13 0.5 0.551042 0.990625 0.197917
13 0.499219 0.554167 0.992188 0.195833
13 0.5 0.558333 0.99375 0.2
6 0.500781 0.546875 0.995313 0.185417
13 0.501562 0.552083 0.990625 0.2
13 0.5 0.553125 0.99375 0.18125
6 0.498437 0.591667 0.984375 0.241667
6 0.488281 0.51875 0.967188 0.241667
6 0.497656 0.5625 0.992188 0.170833
6 0.498437 0.5625 0.99375 0.175
6 0.499219 0.573958 0.992188 0.210417
6 0.503125 0.5875 0.984375 0.25
6 0.5 0.561458 0.99375 0.16875
6 0.499219 0.558333 0.995313 0.1625
6 0.499219 0.558333 0.992188 0.170833
6 0.498437 0.565625 0.9875 0.177083
6 0.497656 0.578125 0.992188 0.20625
6 0.500781 0.585417 0.989062 0.229167
6 0.499219 0.552083 0.995313 0.154167
60 0.107031 0.860417 0.214062 0.104167
6 0.497656 0.553125 0.992188 0.18125
6 0.496875 0.5625 0.99375 0.1875
6 0.499219 0.563542 0.995313 0.189583
6 0.497656 0.573958 0.995313 0.21875
6 0.500781 0.446875 0.989062 0.435417
6 0.498437 0.563542 0.990625 0.185417
6 0.499219 0.561458 0.985937 0.21875
6 0.502344 0.58125 0.985937 0.229167
6 0.5 0.561458 0.996875 0.18125
6 0.499219 0.56875 0.995313 0.216667
60 0.871094 0.841667 0.257812 0.1375
6 0.501562 0.573958 0.9875 0.214583
6 0.498437 0.5625 0.990625 0.183333
6 0.5 0.573958 0.99375 0.21875
6 0.498437 0.565625 0.990625 0.210417
6 0.503125 0.577083 0.98125 0.2375
6 0.499219 0.546875 0.995313 0.160417
6 0.5 0.561458 0.99375 0.185417
6 0.500781 0.570833 0.992188 0.216667
6 0.499219 0.55625 0.992188 0.195833
6 0.5 0.570833 0.990625 0.216667
6 0.499219 0.545833 0.992188 0.166667
6 0.499219 0.55 0.992188 0.175
60 0.859375 0.840625 0.28125 0.139583
6 0.499219 0.552083 0.995313 0.170833
60 0.860156 0.860417 0.279687 0.1
6 0.499219 0.552083 0.989062 0.179167
4 0.498437 0.552083 0.990625 0.229167
60 0.832031 0.25625 0.164062 0.2375
9 0.842188 0.392708 0.015625 0.0354167
6 0.5 0.579167 0.990625 0.241667
4 0.498437 0.557292 0.9875 0.197917
60 0.904688 0.860417 0.190625 0.0958333
4 0.5 0.575 0.9875 0.233333
6 0.498437 0.508333 0.99375 0.258333
4 0.542188 0.480208 0.0625 0.0229167
9 0.455469 0.3875 0.0109375 0.0125
6 0.5 0.58125 0.990625 0.233333
6 0.498437 0.560417 0.990625 0.195833
9 0.451562 0.359375 0.015625 0.01875
6 0.499219 0.480208 0.989062 0.327083
6 0.500781 0.477083 0.989062 0.329167
13 0.425 0.385417 0.5375 0.245833
6 0.499219 0.451042 0.989062 0.402083
6 0.510938 0.461458 0.96875 0.410417
13 0.378125 0.436458 0.75625 0.435417
13 0.408594 0.371875 0.726562 0.360417
33 0.397656 0.227083 0.0296875 0.0416667
6 0.5 0.507292 0.98125 0.29375
6 0.498437 0.507292 0.990625 0.277083
6 0.497656 0.5125 0.992188 0.275
6 0.49375 0.5125 0.978125 0.283333
6 0.492188 0.498958 0.978125 0.314583
56 0.771875 0.375 0.11875 0.170833
8 0.496094 0.5 0.985937 0.308333
6 0.494531 0.486458 0.985937 0.327083
6 0.497656 0.495833 0.989062 0.308333
8 0.498437 0.539583 0.984375 0.204167
6 0.497656 0.509375 0.989062 0.289583
60 0.869531 0.323958 0.185937 0.24375
6 0.498437 0.511458 0.9875 0.272917
6 0.904688 0.357292 0.190625 0.377083
6 0.498437 0.5125 0.990625 0.258333
60 0.946094 0.275 0.107813 0.3375
6 0.499219 0.555208 0.992188 0.185417
6 0.498437 0.554167 0.99375 0.183333
6 0.497656 0.555208 0.995313 0.177083
6 0.498437 0.554167 0.990625 0.183333
9 0.692187 0.470833 0.021875 0.0333333
6 0.498437 0.559375 0.990625 0.189583
9 0.709375 0.477083 0.0125 0.0291667
6 0.499219 0.554167 0.989062 0.175
6 0.497656 0.554167 0.992188 0.191667
9 0.707031 0.477083 0.0140625 0.0333333
9 0.719531 0.48125 0.0109375 0.0291667
6 0.497656 0.554167 0.992188 0.191667
6 0.496875 0.555208 0.99375 0.19375
4 0.499219 0.554167 0.992188 0.191667
8 0.498437 0.552083 0.99375 0.183333
8 0.498437 0.551042 0.99375 0.189583
0 0.821875 0.467708 0.025 0.05625
8 0.498437 0.547917 0.99375 0.179167
8 0.498437 0.553125 0.996875 0.19375
8 0.498437 0.554167 0.996875 0.191667
9 0.9375 0.460417 0.03125 0.0833333
8 0.498437 0.545833 0.99375 0.191667
8 0.5 0.55 0.99375 0.183333
8 0.499219 0.555208 0.995313 0.189583
8 0.754687 0.563542 0.490625 0.20625
8 0.754687 0.55625 0.490625 0.204167
8 0.499219 0.55 0.995313 0.2125
6 0.498437 0.548958 0.996875 0.210417
6 0.5 0.54375 0.996875 0.2
8 0.5 0.548958 0.99375 0.19375
8 0.5 0.557292 0.99375 0.19375
8 0.500781 0.55 0.995313 0.191667
8 0.500781 0.542708 0.992188 0.197917
8 0.500781 0.545833 0.995313 0.2
8 0.500781 0.551042 0.992188 0.202083
8 0.500781 0.551042 0.992188 0.20625
8 0.500781 0.551042 0.992188 0.214583
8 0.500781 0.551042 0.995313 0.214583
8 0.501562 0.554167 0.99375 0.216667
8 0.503125 0.545833 0.99375 0.2125
8 0.501562 0.555208 0.99375 0.222917
8 0.739062 0.5625 0.521875 0.233333
8 0.501562 0.559375 0.990625 0.235417
8 0.501562 0.561458 0.990625 0.235417
8 0.5 0.564583 0.99375 0.241667
8 0.5 0.569792 0.99375 0.24375
8 0.499219 0.575 0.995313 0.258333
8 0.499219 0.579167 0.995313 0.270833
8 0.499219 0.577083 0.992188 0.279167
8 0.499219 0.583333 0.995313 0.2875
13 0.721094 0.586458 0.557813 0.302083
8 0.721094 0.585417 0.557813 0.3
8 0.499219 0.591667 0.992188 0.308333
13 0.717969 0.596875 0.564062 0.327083
13 0.715625 0.603125 0.56875 0.34375
13 0.714063 0.615625 0.571875 0.352083
13 0.710938 0.636458 0.578125 0.360417
13 0.705469 0.682292 0.589063 0.45625
60 0.70625 0.684375 0.5875 0.447917
60 0.69375 0.688542 0.6125 0.447917
33 0.499219 0.645833 0.995313 0.395833
8 0.804688 0.483333 0.0375 0.025
60 0.69375 0.573958 0.6125 0.19375
60 0.69375 0.578125 0.6125 0.20625
60 0.694531 0.584375 0.610937 0.23125
4 0.732031 0.651042 0.535937 0.402083
4 0.740625 0.692708 0.51875 0.435417
4 0.745313 0.69375 0.509375 0.4375
4 0.758594 0.692708 0.482812 0.435417
4 0.765625 0.692708 0.46875 0.435417
4 0.772656 0.692708 0.454688 0.435417
4 0.779688 0.69375 0.440625 0.433333
4 0.801562 0.627083 0.396875 0.308333
4 0.822656 0.598958 0.354688 0.247917
4 0.826563 0.595833 0.346875 0.241667
4 0.828906 0.585417 0.342187 0.220833
30 0.832812 0.602083 0.334375 0.204167
30 0.814062 0.603125 0.371875 0.202083
56 0.371875 0.454167 0.028125 0.0583333
60 0.748438 0.572917 0.503125 0.145833
60 0.75 0.578125 0.5 0.164583
60 0.75625 0.582292 0.4875 0.16875
60 0.754687 0.586458 0.490625 0.185417
4 0.499219 0.571875 0.998438 0.18125
60 0.757812 0.5875 0.484375 0.191667
60 0.765625 0.5875 0.46875 0.2
60 0.764063 0.590625 0.471875 0.214583
60 0.76875 0.594792 0.4625 0.185417
60 0.773438 0.591667 0.453125 0.183333
60 0.774219 0.591667 0.451562 0.2125
60 0.776563 0.59375 0.446875 0.216667
60 0.777344 0.601042 0.445312 0.23125
60 0.779688 0.594792 0.440625 0.227083
60 0.808594 0.573958 0.379687 0.214583
60 0.821875 0.570833 0.35625 0.208333
60 0.832812 0.565625 0.334375 0.202083
60 0.84375 0.570833 0.3125 0.195833
60 0.851562 0.570833 0.296875 0.191667
37 0.854688 0.577083 0.290625 0.179167
60 0.855469 0.572917 0.289062 0.1875
37 0.860937 0.570833 0.278125 0.183333
60 0.861719 0.56875 0.276563 0.1875
60 0.867969 0.557292 0.264062 0.185417
37 0.875 0.561458 0.25 0.177083
37 0.878125 0.576042 0.24375 0.164583
60 0.878906 0.576042 0.242188 0.189583
60 0.878906 0.591667 0.242188 0.166667
37 0.885938 0.5625 0.228125 0.170833
60 0.9 0.541667 0.2 0.158333
60 0.914844 0.533333 0.170312 0.141667
60 0.922656 0.557292 0.154687 0.127083
37 0.922656 0.557292 0.154687 0.127083
60 0.925 0.577083 0.15 0.125
60 0.924219 0.583333 0.151562 0.125
37 0.924219 0.584375 0.151562 0.122917
60 0.923437 0.569792 0.153125 0.14375
37 0.928125 0.563542 0.14375 0.122917
37 0.935938 0.55625 0.128125 0.1125
60 0.935938 0.55625 0.128125 0.1125
60 0.941406 0.561458 0.117188 0.10625
37 0.942969 0.575 0.114063 0.1
60 0.942969 0.576042 0.114063 0.102083
37 0.94375 0.579167 0.1125 0.1
60 0.942969 0.579167 0.114063 0.1
37 0.942187 0.576042 0.115625 0.0979167
60 0.942187 0.575 0.115625 0.1
37 0.940625 0.575 0.11875 0.1
60 0.940625 0.573958 0.11875 0.102083
37 0.938281 0.577083 0.123438 0.104167
60 0.938281 0.576042 0.123438 0.102083
37 0.936719 0.578125 0.126563 0.10625
60 0.936719 0.577083 0.126563 0.104167
60 0.933594 0.580208 0.132812 0.10625
37 0.933594 0.579167 0.132812 0.108333
37 0.93125 0.578125 0.1375 0.110417
60 0.93125 0.578125 0.1375 0.110417
60 0.928906 0.579167 0.142188 0.116667
37 0.928906 0.578125 0.142188 0.114583
37 0.926562 0.580208 0.146875 0.114583
60 0.926562 0.580208 0.146875 0.114583
60 0.924219 0.579167 0.151562 0.116667
60 0.921875 0.576042 0.15625 0.122917
37 0.91875 0.576042 0.1625 0.122917
60 0.919531 0.575 0.160938 0.125
60 0.917188 0.578125 0.165625 0.127083
60 0.915625 0.572917 0.16875 0.1375
60 0.913281 0.572917 0.173438 0.141667
60 0.910156 0.573958 0.179688 0.14375
60 0.907031 0.575 0.185937 0.141667
60 0.904688 0.572917 0.190625 0.145833
60 0.901563 0.575 0.196875 0.15
37 0.901563 0.573958 0.196875 0.147917
60 0.897656 0.573958 0.204688 0.15625
60 0.892969 0.578125 0.214062 0.160417
60 0.888281 0.586458 0.223438 0.152083
37 0.884375 0.585417 0.23125 0.154167
60 0.884375 0.585417 0.23125 0.154167
37 0.882031 0.584375 0.235938 0.15625
37 0.882812 0.577083 0.234375 0.158333
37 0.885156 0.572917 0.229687 0.1625
60 0.8875 0.577083 0.225 0.1625
37 0.8875 0.577083 0.225 0.1625
60 0.888281 0.579167 0.223438 0.170833
37 0.8875 0.579167 0.225 0.170833
60 0.886719 0.589583 0.226562 0.166667
37 0.885938 0.586458 0.228125 0.164583
60 0.885938 0.5875 0.228125 0.166667
60 0.890625 0.572917 0.21875 0.1625
37 0.890625 0.572917 0.21875 0.1625
37 0.899219 0.559375 0.201562 0.15625
60 0.90625 0.558333 0.1875 0.154167
37 0.905469 0.558333 0.189063 0.154167
60 0.907812 0.576042 0.184375 0.152083
37 0.905469 0.592708 0.189063 0.147917
60 0.905469 0.592708 0.189063 0.147917
60 0.901563 0.596875 0.196875 0.152083
37 0.901563 0.596875 0.196875 0.152083
60 0.9 0.5875 0.2 0.154167
60 0.90625 0.565625 0.1875 0.152083
60 0.916406 0.553125 0.167187 0.135417
37 0.916406 0.553125 0.167187 0.135417
37 0.923437 0.584375 0.153125 0.122917
60 0.923437 0.584375 0.153125 0.122917
60 0.921875 0.595833 0.15625 0.125
37 0.921875 0.595833 0.15625 0.125
37 0.91875 0.592708 0.1625 0.13125
60 0.91875 0.592708 0.1625 0.13125
60 0.917188 0.582292 0.165625 0.13125
60 0.91875 0.573958 0.1625 0.122917
37 0.91875 0.573958 0.1625 0.122917
60 0.91875 0.570833 0.1625 0.133333
37 0.917188 0.582292 0.165625 0.135417
60 0.917188 0.583333 0.165625 0.133333
60 0.9125 0.592708 0.175 0.135417
37 0.913281 0.591667 0.173438 0.133333
60 0.909375 0.59375 0.18125 0.1375
37 0.909375 0.59375 0.18125 0.1375
60 0.90625 0.5875 0.1875 0.1375
37 0.90625 0.586458 0.1875 0.135417
37 0.907812 0.570833 0.184375 0.141667
60 0.910156 0.569792 0.179688 0.147917
60 0.910156 0.585417 0.179688 0.1375
37 0.907812 0.583333 0.184375 0.158333
37 0.903906 0.5875 0.192188 0.158333
37 0.90625 0.575 0.1875 0.1375
37 0.9125 0.570833 0.175 0.129167
31 0.914062 0.582292 0.171875 0.127083
31 0.9125 0.595833 0.175 0.133333
31 0.908594 0.597917 0.182812 0.1375
31 0.904688 0.59375 0.190625 0.141667
31 0.90625 0.582292 0.1875 0.13125
31 0.910937 0.570833 0.178125 0.129167
37 0.9125 0.573958 0.175 0.135417
31 0.9125 0.572917 0.175 0.133333
7 0.957812 0.501042 0.084375 0.0354167
7 0.746875 0.490625 0.03125 0.01875
7 0.621094 0.478125 0.0265625 0.0229167
60 0.834375 0.584375 0.33125 0.15625
60 0.821875 0.589583 0.35625 0.166667
7 0.600781 0.484375 0.0390625 0.0229167
60 0.829687 0.561458 0.340625 0.14375
7 0.607031 0.477083 0.0265625 0.025
60 0.829687 0.589583 0.340625 0.170833
60 0.820312 0.596875 0.359375 0.18125
60 0.832812 0.583333 0.334375 0.158333
60 0.828125 0.595833 0.34375 0.175
60 0.820312 0.589583 0.359375 0.170833
7 0.571875 0.475 0.028125 0.025
60 0.832812 0.570833 0.334375 0.15
60 0.830469 0.5875 0.339063 0.166667
7 0.557813 0.479167 0.028125 0.025
60 0.825 0.596875 0.35 0.185417
7 0.546094 0.477083 0.0296875 0.025
60 0.819531 0.597917 0.360938 0.1875
60 0.81875 0.586458 0.359375 0.172917
60 0.829687 0.561458 0.340625 0.152083
60 0.827344 0.59375 0.345313 0.183333
60 0.822656 0.603125 0.354688 0.189583
60 0.81875 0.594792 0.3625 0.185417
8 0.525 0.472917 0.03125 0.025
60 0.820312 0.577083 0.35625 0.170833
60 0.83125 0.567708 0.3375 0.160417
60 0.828125 0.594792 0.34375 0.189583
60 0.823438 0.6 0.353125 0.191667
7 0.523438 0.469792 0.03125 0.03125
60 0.827344 0.6 0.345313 0.191667
60 0.829687 0.592708 0.340625 0.185417
60 0.823438 0.598958 0.353125 0.19375
60 0.819531 0.591667 0.360938 0.195833
7 0.46875 0.466667 0.0375 0.0333333
60 0.825 0.592708 0.35 0.185417
60 0.820312 0.595833 0.359375 0.191667
60 0.817969 0.585417 0.360938 0.183333
7 0.458594 0.466667 0.0390625 0.0375
0 0.115625 0.488542 0.00625 0.01875
0 0.034375 0.488542 0.00625 0.01875
0 0.0984375 0.489583 0.00625 0.0208333
13 0.458594 0.466667 0.0390625 0.0375
60 0.828125 0.586458 0.34375 0.18125
60 0.821875 0.594792 0.35625 0.197917
8 0.424219 0.458333 0.0421875 0.0375
13 0.403125 0.460417 0.040625 0.0375
8 0.403906 0.460417 0.0421875 0.0375
7 0.403125 0.459375 0.040625 0.0354167
60 0.819531 0.589583 0.360938 0.179167
60 0.832031 0.5875 0.335938 0.166667
60 0.832031 0.597917 0.335938 0.1625
60 0.839063 0.570833 0.321875 0.133333
60 0.835938 0.604167 0.328125 0.158333
37 0.829687 0.595833 0.340625 0.158333
60 0.842188 0.567708 0.315625 0.135417
37 0.846875 0.577083 0.30625 0.1375
4 0.846875 0.577083 0.30625 0.1375
60 0.8375 0.60625 0.325 0.1625
60 0.848437 0.565625 0.303125 0.147917
60 0.857031 0.5625 0.285937 0.1375
60 0.860937 0.575 0.278125 0.145833
60 0.859375 0.597917 0.28125 0.145833
37 0.854688 0.573958 0.290625 0.15625
60 0.871875 0.569792 0.25625 0.13125
60 0.873438 0.589583 0.253125 0.1375
60 0.871875 0.607292 0.25625 0.14375
60 0.86875 0.610417 0.2625 0.145833
37 0.86875 0.611458 0.2625 0.14375
60 0.870313 0.6 0.259375 0.145833
37 0.876562 0.579167 0.246875 0.133333
37 0.888281 0.559375 0.223438 0.14375
60 0.895312 0.582292 0.209375 0.127083
60 0.896875 0.602083 0.20625 0.129167
60 0.895312 0.616667 0.209375 0.133333
60 0.894531 0.6125 0.210938 0.133333
37 0.894531 0.6125 0.210938 0.133333
60 0.903125 0.5875 0.19375 0.125
37 0.916406 0.567708 0.167187 0.114583
60 0.929688 0.56875 0.140625 0.104167
37 0.938281 0.591667 0.123438 0.1
60 0.938281 0.591667 0.123438 0.1
71 0.939062 0.591667 0.121875 0.1
60 0.940625 0.609375 0.11875 0.0979167
71 0.942187 0.613542 0.115625 0.0979167
60 0.942187 0.613542 0.115625 0.0979167
37 0.942187 0.613542 0.115625 0.0979167
71 0.94375 0.607292 0.1125 0.09375
60 0.94375 0.60625 0.1125 0.0958333
60 0.949219 0.592708 0.101562 0.09375
37 0.955469 0.59375 0.0890625 0.0875
71 0.959375 0.602083 0.08125 0.0833333
37 0.959375 0.603125 0.08125 0.0854167
37 0.961719 0.609375 0.0765625 0.08125
37 0.963281 0.610417 0.0734375 0.0791667
71 0.965625 0.607292 0.06875 0.08125
37 0.965625 0.607292 0.06875 0.08125
37 0.96875 0.604167 0.0625 0.0791667
37 0.971875 0.604167 0.05625 0.075
37 0.975 0.60625 0.05 0.0708333
25 0.976562 0.607292 0.046875 0.06875
37 0.976562 0.607292 0.046875 0.06875
0 0.334375 0.466667 0.00625 0.0208333
0 0.274219 0.463542 0.0078125 0.0229167
37 0.978906 0.608333 0.0421875 0.0666667
37 0.980469 0.60625 0.0390625 0.0625
25 0.982813 0.604167 0.034375 0.0583333
37 0.982813 0.604167 0.034375 0.0583333
25 0.985937 0.602083 0.028125 0.0541667
0 0.30625 0.466667 0.00625 0.025
11 0.991406 0.601042 0.0171875 0.04375
0 0.282031 0.466667 0.0078125 0.025
0 0.289062 0.466667 0.00625 0.025
0 0.255469 0.466667 0.0078125 0.025
4 0.120312 0.491667 0.240625 0.0666667
45 0.990625 0.602083 0.01875 0.0375
45 0.986719 0.601042 0.0265625 0.0479167
4 0.0632813 0.480208 0.126563 0.0604167
71 0.980469 0.598958 0.0390625 0.05625
4 0.03125 0.495833 0.0625 0.025
37 0.980469 0.598958 0.0390625 0.05625
37 0.978906 0.597917 0.0421875 0.0583333
37 0.978906 0.59375 0.0421875 0.0583333
37 0.98125 0.591667 0.0375 0.0583333
37 0.982813 0.591667 0.034375 0.0541667
37 0.985156 0.592708 0.0296875 0.0520833
37 0.988281 0.590625 0.0234375 0.0479167
8 0.4875 0.459375 0.04375 0.0270833
4 0.499219 0.5625 0.992188 0.258333
0 0.808594 0.435417 0.0296875 0.025
4 0.498437 0.58125 0.99375 0.233333
4 0.499219 0.575 0.992188 0.25
4 0.5 0.576042 0.99375 0.25625
4 0.500781 0.575 0.995313 0.241667
4 0.5 0.576042 0.99375 0.24375
0 0.558594 0.430208 0.0234375 0.0270833
0 0.541406 0.430208 0.0234375 0.0270833
8 0.729688 0.447917 0.053125 0.05
8 0.689062 0.44375 0.053125 0.05
0 0.377344 0.434375 0.0234375 0.0270833
0 0.339844 0.4375 0.0265625 0.0291667
0 0.347656 0.44375 0.0265625 0.0291667
0 0.355469 0.444792 0.0265625 0.0270833
0 0.35 0.432292 0.025 0.0270833
0 0.336719 0.430208 0.0265625 0.0270833
0 0.339844 0.447917 0.0265625 0.0291667
0 0.317187 0.442708 0.028125 0.0270833
8 0.500781 0.49375 0.985937 0.354167
8 0.683594 0.4375 0.0703125 0.0625
0 0.335938 0.447917 0.028125 0.0291667
0 0.328125 0.440625 0.028125 0.0270833
0 0.310156 0.458333 0.0296875 0.0291667
0 0.316406 0.448958 0.0296875 0.0270833
13 0.497656 0.578125 0.992188 0.21875
56 0.717969 0.459375 0.0890625 0.08125
13 0.5 0.563542 0.99375 0.277083
4 0.202344 0.579167 0.404687 0.158333
4 0.282031 0.461458 0.0609375 0.03125
60 0.191406 0.570833 0.382812 0.158333
13 0.185937 0.520833 0.371875 0.216667
60 0.178125 0.580208 0.35625 0.152083
13 0.184375 0.594792 0.36875 0.164583
60 0.184375 0.586458 0.36875 0.147917
13 0.5 0.546875 0.996875 0.239583
13 0.5 0.548958 1 0.260417
60 0.167187 0.579167 0.334375 0.141667
4 0.26875 0.459375 0.0625 0.03125
13 0.170312 0.596875 0.340625 0.152083
13 0.176563 0.598958 0.353125 0.160417
13 0.498437 0.536458 0.996875 0.26875
13 0.498437 0.546875 0.99375 0.30625
4 0.153125 0.571875 0.30625 0.15625
13 0.153906 0.601042 0.307813 0.147917
13 0.157031 0.60625 0.314063 0.158333
60 0.157813 0.595833 0.315625 0.1625
13 0.500781 0.541667 0.998438 0.291667
13 0.940625 0.514583 0.11875 0.075
60 0.13125 0.584375 0.2625 0.14375
60 0.132812 0.596875 0.265625 0.147917
13 0.500781 0.558333 0.998438 0.233333
13 0.5 0.577083 1 0.220833
60 0.10625 0.617708 0.2125 0.13125
60 0.104687 0.611458 0.209375 0.13125
60 0.096875 0.586458 0.19375 0.11875
60 0.08125 0.570833 0.1625 0.116667
60 0.0671875 0.572917 0.134375 0.104167
60 0.059375 0.594792 0.11875 0.0979167
60 0.0578125 0.614583 0.115625 0.0958333
37 0.0578125 0.613542 0.115625 0.09375
37 0.05625 0.616667 0.1125 0.1
60 0.05625 0.616667 0.1125 0.1
60 0.0515625 0.604167 0.103125 0.1
37 0.0515625 0.604167 0.103125 0.0958333
13 0.500781 0.572917 0.998438 0.1875
37 0.0390625 0.580208 0.078125 0.0854167
37 0.021875 0.566667 0.04375 0.0625
4 0.0179687 0.469792 0.0359375 0.03125
56 0.11875 0.475 0.053125 0.05
60 0.2125 0.585417 0.425 0.1875
13 0.920313 0.498958 0.153125 0.0354167
60 0.220313 0.589583 0.440625 0.191667
56 0.910937 0.533333 0.046875 0.0291667
62 0.909375 0.532292 0.05 0.0270833
60 0.210156 0.54375 0.404687 0.1875
13 0.940625 0.535417 0.11875 0.0458333
60 0.207813 0.592708 0.415625 0.185417
60 0.2125 0.596875 0.425 0.189583
60 0.213281 0.583333 0.426562 0.1875
56 0.982031 0.509375 0.0359375 0.03125
60 0.211719 0.55 0.417188 0.2
56 0.984375 0.533333 0.03125 0.0333333
60 0.207031 0.5375 0.401563 0.191667
60 0.2 0.555208 0.39375 0.185417
13 0.89375 0.484375 0.2125 0.0854167
56 0.985156 0.53125 0.0296875 0.0333333
60 0.2 0.578125 0.4 0.189583
60 0.210156 0.596875 0.420312 0.189583
56 0.620313 0.45 0.05 0.05
13 0.898438 0.452083 0.203125 0.0958333
60 0.209375 0.578125 0.41875 0.189583
60 0.210938 0.545833 0.415625 0.195833
13 0.205469 0.544792 0.410937 0.197917
13 0.910156 0.521875 0.151562 0.03125
60 0.198437 0.541667 0.396875 0.191667
13 0.198437 0.541667 0.396875 0.191667
13 0.907031 0.50625 0.126563 0.0291667
13 0.196094 0.558333 0.392188 0.191667
60 0.196094 0.558333 0.392188 0.191667
60 0.199219 0.5875 0.398438 0.1875
60 0.204688 0.6 0.409375 0.1875
60 0.207813 0.591667 0.415625 0.191667
13 0.954687 0.490625 0.090625 0.0354167
13 0.923437 0.48125 0.153125 0.0875
60 0.205469 0.565625 0.410937 0.202083
13 0.199219 0.545833 0.398438 0.2
60 0.2 0.544792 0.4 0.197917
13 0.952344 0.528125 0.0953125 0.0354167
60 0.19375 0.541667 0.3875 0.2
13 0.192188 0.540625 0.384375 0.197917
60 0.189063 0.563542 0.378125 0.185417
60 0.192188 0.595833 0.384375 0.175
60 0.196875 0.602083 0.39375 0.179167
13 0.9625 0.484375 0.075 0.0395833
60 0.196875 0.577083 0.39375 0.204167
60 0.192188 0.555208 0.384375 0.197917
60 0.184375 0.536458 0.36875 0.197917
13 0.185156 0.5375 0.370313 0.2
60 0.177344 0.544792 0.354688 0.19375
60 0.176563 0.548958 0.353125 0.19375
60 0.160938 0.539583 0.321875 0.204167
37 0.15 0.60625 0.3 0.158333
37 0.152344 0.6125 0.304688 0.1625
37 0.145313 0.553125 0.290625 0.20625
37 0.135156 0.547917 0.270312 0.1875
37 0.125 0.554167 0.25 0.183333
37 0.120312 0.576042 0.240625 0.177083
60 0.120312 0.575 0.240625 0.179167
13 0.885938 0.505208 0.228125 0.0395833
37 0.121094 0.610417 0.242188 0.15
60 0.121094 0.6125 0.242188 0.15
37 0.121875 0.614583 0.24375 0.154167
60 0.121875 0.614583 0.24375 0.154167
13 0.911719 0.508333 0.176563 0.0375
60 0.115625 0.591667 0.23125 0.154167
37 0.115625 0.591667 0.23125 0.154167
13 0.910937 0.526042 0.178125 0.0479167
60 0.103125 0.571875 0.20625 0.14375
37 0.103125 0.570833 0.20625 0.145833
37 0.0882813 0.565625 0.176563 0.13125
13 0.909375 0.51875 0.18125 0.0416667
60 0.0765625 0.582292 0.153125 0.127083
71 0.0765625 0.582292 0.153125 0.127083
13 0.917188 0.502083 0.165625 0.0375
60 0.0710938 0.607292 0.142188 0.122917
37 0.0679687 0.620833 0.135937 0.125
13 0.93125 0.491667 0.1375 0.0333333
13 0.94375 0.497917 0.1125 0.0375
37 0.0640625 0.615625 0.128125 0.122917
37 0.0515625 0.592708 0.103125 0.110417
13 0.948438 0.517708 0.103125 0.0395833
13 0.498437 0.560417 0.996875 0.220833
13 0.948438 0.535417 0.1 0.0458333
37 0.0320312 0.573958 0.0640625 0.0895833
13 0.951563 0.535417 0.096875 0.0416667
13 0.5 0.558333 1 0.241667
13 0.959375 0.516667 0.08125 0.0416667
13 0.5 0.561458 1 0.19375
13 0.5 0.560417 1 0.220833
42 0.0210938 0.504167 0.0421875 0.025
8 0.501562 0.539583 0.990625 0.279167
8 0.5 0.55625 0.990625 0.216667
8 0.5 0.559375 0.99375 0.21875
0 0.340625 0.0208333 0.01875 0.025
8 0.5 0.5375 0.99375 0.279167
8 0.034375 0.459375 0.06875 0.0395833
8 0.499219 0.547917 0.992188 0.245833
8 0.0335938 0.464583 0.0671875 0.0375
8 0.5 0.541667 0.99375 0.283333
8 0.499219 0.542708 0.995313 0.28125
8 0.0210938 0.4625 0.0421875 0.0416667
8 0.0210938 0.472917 0.0421875 0.0375
13 0.0578125 0.494792 0.115625 0.05625
13 0.0492188 0.503125 0.0984375 0.03125
13 0.814844 0.575 0.370313 0.133333
13 0.817969 0.585417 0.364062 0.129167
4 0.0148437 0.472917 0.0296875 0.0333333
13 0.0414063 0.504167 0.0828125 0.0375
13 0.0296875 0.495833 0.059375 0.0291667
13 0.0195312 0.502083 0.0390625 0.0291667
13 0.0171875 0.521875 0.034375 0.0270833
13 0.814844 0.573958 0.370313 0.13125
13 0.0210938 0.539583 0.0421875 0.0291667
60 0.821875 0.583333 0.35625 0.104167
13 0.025 0.540625 0.05 0.03125
13 0.0203125 0.521875 0.040625 0.03125
13 0.009375 0.502083 0.01875 0.0291667
13 0.81875 0.605208 0.3625 0.139583
13 0.814062 0.616667 0.371875 0.145833
13 0.810938 0.609375 0.378125 0.14375
13 0.8125 0.592708 0.375 0.135417
60 0.819531 0.580208 0.360938 0.127083
13 0.824219 0.583333 0.351562 0.120833
60 0.824219 0.582292 0.351562 0.11875
13 0.823438 0.597917 0.353125 0.129167
13 0.820312 0.614583 0.359375 0.145833
13 0.815625 0.615625 0.36875 0.152083
13 0.815625 0.604167 0.36875 0.141667
60 0.821094 0.592708 0.357812 0.122917
13 0.821094 0.592708 0.357812 0.122917
60 0.827344 0.583333 0.345313 0.116667
60 0.832031 0.592708 0.335938 0.122917
13 0.83125 0.592708 0.3375 0.122917
60 0.83125 0.60625 0.3375 0.133333
13 0.83125 0.604167 0.3375 0.133333
13 0.826563 0.617708 0.346875 0.14375
13 0.823438 0.617708 0.353125 0.14375
13 0.825 0.602083 0.35 0.141667
60 0.832031 0.584375 0.335938 0.13125
13 0.832812 0.583333 0.334375 0.129167
60 0.839844 0.582292 0.320312 0.13125
60 0.841406 0.59375 0.317187 0.133333
60 0.838281 0.614583 0.323438 0.1375
13 0.838281 0.613542 0.323438 0.139583
60 0.832812 0.61875 0.334375 0.145833
60 0.836719 0.604167 0.326562 0.116667
60 0.84375 0.592708 0.3125 0.10625
60 0.842188 0.619792 0.315625 0.139583
60 0.845312 0.604167 0.309375 0.129167
60 0.857031 0.615625 0.285937 0.152083
37 0.857031 0.616667 0.285937 0.15
60 0.85625 0.60625 0.2875 0.154167
37 0.85625 0.607292 0.2875 0.15625
60 0.860937 0.590625 0.278125 0.14375
37 0.860937 0.583333 0.278125 0.158333
60 0.870313 0.573958 0.259375 0.147917
60 0.876562 0.576042 0.246875 0.14375
37 0.878125 0.594792 0.24375 0.135417
37 0.871094 0.611458 0.257812 0.15625
60 0.871875 0.602083 0.25625 0.154167
60 0.878125 0.585417 0.24375 0.145833
37 0.891406 0.598958 0.217187 0.114583
37 0.890625 0.613542 0.21875 0.122917
37 0.886719 0.611458 0.226562 0.122917
37 0.895312 0.579167 0.209375 0.15
71 0.907031 0.605208 0.185937 0.114583
60 0.904688 0.622917 0.190625 0.120833
71 0.926562 0.597917 0.146875 0.104167
71 0.927344 0.611458 0.145313 0.10625
71 0.924219 0.623958 0.151562 0.110417
60 0.924219 0.621875 0.151562 0.114583
71 0.924219 0.621875 0.151562 0.114583
71 0.930469 0.602083 0.139062 0.104167
71 0.941406 0.583333 0.117188 0.0958333
71 0.951563 0.584375 0.096875 0.08125
71 0.954687 0.597917 0.090625 0.0791667
71 0.953125 0.613542 0.09375 0.08125
71 0.952344 0.614583 0.0953125 0.0833333
45 0.957031 0.604167 0.0859375 0.0833333
71 0.957031 0.604167 0.0859375 0.0833333
45 0.965625 0.592708 0.06875 0.0729167
56 0.513281 0.459375 0.117188 0.0770833
71 0.965625 0.592708 0.06875 0.0729167
71 0.973437 0.591667 0.053125 0.0666667
45 0.973437 0.591667 0.053125 0.0666667
71 0.978125 0.597917 0.04375 0.0625
45 0.978125 0.596875 0.04375 0.0604167
71 0.98125 0.604167 0.0375 0.0583333
45 0.98125 0.604167 0.0375 0.0583333
45 0.985156 0.605208 0.0296875 0.0520833
45 0.992188 0.597917 0.015625 0.0375
56 0.457812 0.451042 0.140625 0.09375
13 0.300781 0.50625 0.0734375 0.025
13 0.09375 0.503125 0.184375 0.0354167
13 0.282813 0.507292 0.146875 0.0270833
56 0.380469 0.446875 0.167187 0.10625
0 0.284375 0.4875 0.00625 0.0166667
13 0.071875 0.505208 0.14375 0.0395833
13 0.0609375 0.508333 0.121875 0.0416667
13 0.0492188 0.507292 0.0984375 0.0479167
13 0.0359375 0.5 0.071875 0.0583333
0 0.110156 0.484375 0.0078125 0.01875
13 0.169531 0.510417 0.170312 0.0333333
0 0.0078125 0.478125 0.00625 0.01875
13 0.145313 0.511458 0.178125 0.0354167
0 0.157031 0.486458 0.0078125 0.01875
0 0.194531 0.485417 0.0078125 0.0208333
0 0.059375 0.485417 0.00625 0.0208333
0 0.021875 0.492708 0.009375 0.0395833
13 0.217969 0.483333 0.164062 0.0333333
11 0.2 0.429167 0.05 0.075
6 0.189063 0.56875 0.375 0.154167
6 0.179688 0.566667 0.359375 0.15
6 0.183594 0.564583 0.367188 0.15
6 0.183594 0.564583 0.364062 0.154167
6 0.185937 0.566667 0.371875 0.158333
13 0.686719 0.488542 0.0390625 0.0270833
6 0.5 0.566667 0.99375 0.204167
6 0.180469 0.570833 0.360938 0.158333
6 0.192188 0.582292 0.384375 0.18125
37 0.186719 0.589583 0.370313 0.175
6 0.192188 0.569792 0.384375 0.164583
6 0.18125 0.570833 0.3625 0.166667
6 0.19375 0.573958 0.3875 0.16875
4 0.776563 0.491667 0.046875 0.025
6 0.196094 0.579167 0.389062 0.175
6 0.191406 0.563542 0.382812 0.16875
6 0.635156 0.567708 0.729688 0.222917
60 0.190625 0.566667 0.38125 0.166667
7 0.889063 0.476042 0.034375 0.0270833
7 0.873438 0.491667 0.059375 0.025
4 0.871875 0.491667 0.059375 0.025
60 0.184375 0.565625 0.36875 0.160417
6 0.632031 0.56875 0.735937 0.229167
4 0.901563 0.473958 0.0375 0.0270833
7 0.903125 0.473958 0.0375 0.0270833
6 0.189844 0.564583 0.379687 0.1625
6 0.184375 0.5625 0.36875 0.154167
60 0.184375 0.563542 0.36875 0.15625
7 0.885938 0.490625 0.040625 0.0270833
7 0.896875 0.475 0.04375 0.025
4 0.896875 0.475 0.040625 0.025
37 0.19375 0.588542 0.384375 0.189583
7 0.924219 0.479167 0.0421875 0.0291667
7 0.909375 0.50625 0.0375 0.0291667
60 0.182812 0.563542 0.365625 0.15625
60 0.183594 0.573958 0.367188 0.16875
6 0.5 0.569792 1 0.23125
37 0.192969 0.590625 0.385938 0.189583
7 0.926562 0.507292 0.040625 0.0270833
60 0.185937 0.560417 0.371875 0.158333
60 0.182812 0.564583 0.365625 0.1625
60 0.184375 0.576042 0.36875 0.172917
6 0.5 0.566667 1 0.233333
4 0.961719 0.471875 0.0734375 0.03125
7 0.95625 0.471875 0.0625 0.03125
60 0.192188 0.576042 0.384375 0.172917
60 0.182812 0.561458 0.365625 0.15625
7 0.957812 0.476042 0.040625 0.0270833
7 0.978125 0.470833 0.04375 0.0291667
6 0.651563 0.564583 0.696875 0.229167
7 0.970312 0.504167 0.059375 0.0291667
6 0.657031 0.533333 0.682813 0.25
6 0.665625 0.523958 0.66875 0.247917
6 0.66875 0.544792 0.659375 0.25625
60 0.185937 0.561458 0.371875 0.16875
6 0.665625 0.526042 0.66875 0.247917
6 0.5 0.55 1 0.291667
6 0.673437 0.540625 0.653125 0.252083
6 0.66875 0.527083 0.6625 0.254167
6 0.675 0.519792 0.65 0.247917
6 0.498437 0.551042 0.996875 0.260417
6 0.669531 0.541667 0.657812 0.258333
6 0.5 0.544792 1 0.310417
6 0.679688 0.520833 0.640625 0.25
6 0.678906 0.536458 0.642187 0.252083
6 0.65625 0.551042 0.6875 0.260417
6 0.6625 0.534375 0.675 0.260417
6 0.5 0.528125 0.990625 0.277083
6 0.679688 0.525 0.640625 0.25
6 0.669531 0.544792 0.657812 0.264583
6 0.5 0.53125 0.9875 0.275
6 0.5 0.528125 0.9875 0.277083
6 0.678125 0.55 0.64375 0.2625
6 0.500781 0.554167 0.992188 0.266667
6 0.5 0.539583 0.99375 0.279167
6 0.654688 0.522917 0.690625 0.254167
6 0.6625 0.527083 0.675 0.254167
6 0.500781 0.545833 0.992188 0.275
6 0.185937 0.56875 0.371875 0.183333
6 0.5 0.528125 0.9875 0.272917
6 0.5 0.54375 1 0.320833
6 0.683594 0.533333 0.632812 0.254167
6 0.500781 0.553125 0.995313 0.260417
6 0.682813 0.539583 0.634375 0.254167
6 0.689062 0.522917 0.621875 0.254167
6 0.501562 0.53125 0.990625 0.275
6 0.500781 0.54375 0.995313 0.2625
6 0.500781 0.555208 0.995313 0.264583
6 0.680469 0.557292 0.639063 0.264583
6 0.500781 0.544792 0.992188 0.264583
6 0.5 0.530208 0.990625 0.28125
6 0.502344 0.523958 0.989062 0.285417
6 0.5 0.540625 0.996875 0.264583
6 0.5 0.546875 1 0.260417
6 0.499219 0.554167 0.998438 0.266667
6 0.5 0.55 0.996875 0.266667
6 0.501562 0.540625 0.99375 0.26875
6 0.692187 0.525 0.615625 0.25
6 0.5 0.542708 1 0.297917
6 0.5 0.552083 0.99375 0.258333
6 0.5 0.55 0.996875 0.266667
6 0.499219 0.540625 0.998438 0.28125
6 0.5 0.539583 1 0.304167
6 0.499219 0.565625 0.995313 0.235417
6 0.182812 0.572917 0.365625 0.191667
6 0.5 0.540625 1 0.302083
6 0.5 0.558333 0.996875 0.241667
6 0.499219 0.563542 0.995313 0.21875
6 0.500781 0.563542 0.995313 0.20625
6 0.499219 0.569792 0.998438 0.214583
6 0.5 0.572917 1 0.220833
6 0.500781 0.5625 0.998438 0.216667
6 0.189844 0.582292 0.376563 0.202083
6 0.5 0.561458 1 0.202083
13 0.759375 0.508333 0.075 0.05
6 0.499219 0.56875 0.992188 0.220833
6 0.5 0.566667 1 0.216667
6 0.186719 0.575 0.370313 0.191667
6 0.499219 0.566667 0.992188 0.229167
13 0.80625 0.519792 0.1 0.0770833
60 0.178125 0.55625 0.35625 0.170833
13 0.804688 0.519792 0.103125 0.0729167
13 0.814062 0.511458 0.109375 0.0729167
6 0.499219 0.563542 0.998438 0.23125
13 0.832031 0.486458 0.114063 0.0479167
13 0.853906 0.4875 0.120312 0.0583333
6 0.5 0.564583 1 0.254167
6 0.188281 0.576042 0.373437 0.19375
6 0.5 0.547917 1 0.2375
6 0.500781 0.561458 0.995313 0.214583
6 0.182812 0.576042 0.3625 0.189583
6 0.5 0.571875 1 0.239583
6 0.5 0.557292 1 0.26875
6 0.501562 0.561458 0.996875 0.23125
6 0.500781 0.566667 0.995313 0.225
13 0.935938 0.516667 0.128125 0.0708333
6 0.504687 0.53125 0.9875 0.254167
13 0.944531 0.520833 0.110937 0.108333
13 0.95625 0.489583 0.0875 0.075
6 0.499219 0.536458 0.998438 0.297917
13 0.969531 0.490625 0.0609375 0.0729167
6 0.498437 0.539583 0.996875 0.304167
13 0.978125 0.501042 0.04375 0.0729167
6 0.190625 0.576042 0.378125 0.189583
6 0.498437 0.564583 0.996875 0.245833
6 0.5 0.555208 0.99375 0.25625
6 0.500781 0.53125 0.992188 0.279167
6 0.5 0.544792 1 0.29375
6 0.5 0.545833 1 0.283333
6 0.498437 0.55625 0.996875 0.225
6 0.498437 0.56875 0.996875 0.233333
6 0.5 0.547917 0.99375 0.245833
6 0.501562 0.529167 0.990625 0.291667
6 0.5 0.529167 0.99375 0.291667
6 0.19375 0.569792 0.384375 0.18125
6 0.499219 0.560417 0.998438 0.216667
6 0.498437 0.560417 0.996875 0.220833
6 0.188281 0.56875 0.373437 0.179167
6 0.500781 0.53125 0.992188 0.2875
6 0.5 0.529167 0.99375 0.291667
6 0.5 0.533333 0.990625 0.275
6 0.19375 0.563542 0.384375 0.177083
6 0.717188 0.570833 0.565625 0.229167
6 0.189844 0.560417 0.376563 0.1625
6 0.5 0.551042 0.99375 0.239583
6 0.5 0.532292 0.99375 0.285417
6 0.498437 0.528125 0.990625 0.29375
6 0.5 0.529167 0.99375 0.283333
6 0.5 0.547917 0.990625 0.233333
6 0.720312 0.569792 0.559375 0.227083
6 0.500781 0.53125 0.992188 0.279167
6 0.500781 0.529167 0.992188 0.291667
6 0.5 0.528125 0.990625 0.289583
6 0.499219 0.55 0.995313 0.241667
6 0.5 0.552083 0.996875 0.2625
6 0.500781 0.533333 0.992188 0.275
6 0.500781 0.529167 0.992188 0.291667
6 0.500781 0.529167 0.989062 0.291667
6 0.5 0.545833 0.99375 0.233333
6 0.499219 0.552083 0.992188 0.25
6 0.499219 0.55625 0.989062 0.229167
6 0.197656 0.567708 0.395312 0.177083
6 0.726562 0.530208 0.546875 0.264583
6 0.5 0.526042 0.99375 0.28125
6 0.5 0.527083 0.99375 0.2875
6 0.500781 0.533333 0.995313 0.266667
6 0.5 0.552083 0.99375 0.229167
6 0.5 0.548958 0.99375 0.239583
6 0.500781 0.532292 0.992188 0.277083
6 0.5 0.526042 0.99375 0.28125
6 0.500781 0.527083 0.992188 0.279167
6 0.207813 0.567708 0.415625 0.177083
6 0.7375 0.53125 0.525 0.2625
6 0.5 0.544792 0.99375 0.235417
6 0.205469 0.561458 0.410937 0.16875
6 0.735937 0.5375 0.528125 0.266667
6 0.500781 0.5375 0.995313 0.254167
6 0.5 0.525 0.99375 0.270833
6 0.500781 0.525 0.992188 0.279167
6 0.500781 0.528125 0.989062 0.264583
6 0.5 0.544792 0.99375 0.23125
6 0.500781 0.546875 0.998438 0.23125
6 0.500781 0.529167 0.992188 0.275
6 0.499219 0.527083 0.992188 0.270833
6 0.500781 0.527083 0.992188 0.270833
6 0.5 0.529167 0.99375 0.266667
6 0.5 0.540625 0.99375 0.24375
6 0.5 0.538542 0.99375 0.239583
6 0.499219 0.534375 0.995313 0.252083
6 0.5 0.528125 0.99375 0.277083
6 0.210938 0.565625 0.421875 0.172917
6 0.5 0.529167 0.99375 0.266667
6 0.5 0.527083 0.99375 0.270833
6 0.500781 0.532292 0.992188 0.252083
6 0.5 0.54375 0.99375 0.2375
6 0.5 0.528125 0.99375 0.26875
6 0.500781 0.528125 0.992188 0.277083
6 0.5 0.530208 0.99375 0.272917
6 0.74375 0.529167 0.5125 0.2625
6 0.210938 0.5625 0.421875 0.166667
6 0.210938 0.561458 0.421875 0.16875
6 0.74375 0.530208 0.5125 0.264583
6 0.5 0.530208 0.99375 0.264583
6 0.500781 0.532292 0.995313 0.25625
6 0.210938 0.560417 0.421875 0.166667
6 0.744531 0.53125 0.510938 0.2625
6 0.499219 0.530208 0.995313 0.260417
6 0.498437 0.529167 0.996875 0.266667
6 0.500781 0.534375 0.995313 0.26875
6 0.499219 0.533333 0.995313 0.258333
6 0.499219 0.535417 0.995313 0.254167
6 0.215625 0.558333 0.43125 0.166667
6 0.746875 0.530208 0.50625 0.260417
6 0.499219 0.533333 0.995313 0.2625
6 0.214062 0.558333 0.428125 0.166667
6 0.747656 0.530208 0.504687 0.260417
6 0.499219 0.530208 0.995313 0.26875
6 0.215625 0.55625 0.43125 0.1625
6 0.499219 0.528125 0.995313 0.272917
6 0.215625 0.55625 0.43125 0.1625
6 0.499219 0.530208 0.995313 0.260417
6 0.5 0.532292 0.996875 0.260417
6 0.215625 0.557292 0.43125 0.160417
6 0.5 0.532292 0.99375 0.272917
6 0.499219 0.535417 0.995313 0.25
6 0.215625 0.55625 0.43125 0.1625
6 0.5 0.534375 0.99375 0.264583
6 0.217187 0.55625 0.434375 0.1625
6 0.498437 0.533333 0.996875 0.241667
6 0.21875 0.553125 0.4375 0.164583
6 0.498437 0.541667 0.996875 0.225
6 0.219531 0.555208 0.435937 0.160417
6 0.5 0.533333 0.996875 0.25
6 0.499219 0.5375 0.995313 0.245833
6 0.220313 0.554167 0.440625 0.158333
6 0.753125 0.53125 0.49375 0.2625
6 0.497656 0.538542 0.995313 0.222917
6 0.753125 0.53125 0.49375 0.2625
6 0.503125 0.534375 0.9875 0.222917
6 0.754687 0.532292 0.490625 0.260417
6 0.223438 0.55625 0.446875 0.1625
6 0.754687 0.53125 0.490625 0.2625
6 0.498437 0.541667 0.996875 0.2
6 0.224219 0.552083 0.448438 0.154167
6 0.753906 0.532292 0.489062 0.260417
6 0.225 0.552083 0.45 0.15
6 0.755469 0.532292 0.489062 0.260417
13 0.225 0.554167 0.45 0.154167
6 0.754687 0.532292 0.4875 0.260417
6 0.75625 0.532292 0.4875 0.260417
13 0.226562 0.552083 0.453125 0.154167
6 0.755469 0.532292 0.485938 0.260417
13 0.226562 0.552083 0.453125 0.154167
13 0.226562 0.553125 0.453125 0.15625
13 0.226562 0.553125 0.453125 0.15625
13 0.227344 0.552083 0.454688 0.154167
13 0.228906 0.552083 0.457812 0.154167
6 0.757812 0.530208 0.484375 0.25625
13 0.228906 0.551042 0.457812 0.15625
6 0.499219 0.533333 0.995313 0.233333
6 0.499219 0.535417 0.995313 0.2375
6 0.500781 0.542708 0.995313 0.20625
6 0.499219 0.53125 0.995313 0.2625
6 0.5 0.535417 0.99375 0.245833
6 0.499219 0.535417 0.995313 0.2375
6 0.499219 0.5375 0.995313 0.2375
6 0.5 0.539583 0.99375 0.229167
13 0.229687 0.552083 0.459375 0.154167
6 0.764063 0.533333 0.471875 0.254167
13 0.23125 0.551042 0.4625 0.152083
13 0.228906 0.548958 0.457812 0.164583
13 0.228906 0.547917 0.457812 0.1625
13 0.228906 0.552083 0.457812 0.154167
13 0.23125 0.546875 0.4625 0.160417
13 0.23125 0.552083 0.4625 0.154167
13 0.230469 0.551042 0.460938 0.15625
13 0.23125 0.554167 0.4625 0.154167
13 0.23125 0.553125 0.4625 0.152083
13 0.23125 0.55 0.4625 0.154167
13 0.23125 0.546875 0.4625 0.15625
6 0.499219 0.5375 0.998438 0.241667
13 0.23125 0.547917 0.4625 0.154167
6 0.498437 0.532292 0.996875 0.239583
6 0.499219 0.53125 0.995313 0.254167
6 0.498437 0.536458 0.996875 0.235417
6 0.499219 0.532292 0.995313 0.25625
6 0.499219 0.54375 0.998438 0.208333
13 0.229687 0.55 0.459375 0.15
6 0.498437 0.54375 0.996875 0.2125
6 0.498437 0.542708 0.996875 0.21875
6 0.499219 0.54375 0.995313 0.2125
6 0.498437 0.539583 0.996875 0.220833
6 0.499219 0.532292 0.995313 0.24375
6 0.498437 0.533333 0.996875 0.241667
6 0.76875 0.533333 0.4625 0.25
13 0.23125 0.55 0.4625 0.154167
6 0.498437 0.534375 0.996875 0.235417
6 0.76875 0.535417 0.4625 0.254167
13 0.23125 0.547917 0.4625 0.158333
13 0.76875 0.533333 0.4625 0.25
13 0.23125 0.548958 0.4625 0.152083
13 0.23125 0.551042 0.4625 0.152083
13 0.232031 0.55 0.464063 0.158333
6 0.769531 0.532292 0.460938 0.252083
6 0.498437 0.528125 0.996875 0.252083
13 0.23125 0.554167 0.4625 0.15
13 0.232031 0.553125 0.464063 0.152083
13 0.232031 0.553125 0.464063 0.152083
6 0.769531 0.533333 0.460938 0.254167
6 0.499219 0.538542 0.998438 0.214583
6 0.769531 0.533333 0.460938 0.254167
6 0.76875 0.533333 0.4625 0.254167
13 0.76875 0.533333 0.4625 0.254167
6 0.769531 0.533333 0.460938 0.254167
13 0.232031 0.554167 0.464063 0.15
13 0.770312 0.532292 0.459375 0.252083
74 0.725781 0.461458 0.0296875 0.0395833
6 0.770312 0.532292 0.459375 0.252083
13 0.769531 0.532292 0.460938 0.25625
74 0.201562 0.459375 0.034375 0.04375
74 0.171094 0.45625 0.0359375 0.0458333
74 0.783594 0.454167 0.0359375 0.0458333
74 0.804688 0.452083 0.040625 0.05
11 0.117969 0.45 0.0421875 0.0541667
74 0.11875 0.45 0.040625 0.0541667
13 0.230469 0.553125 0.460938 0.152083
60 0.770312 0.535417 0.459375 0.25
13 0.230469 0.547917 0.460938 0.158333
13 0.23125 0.553125 0.4625 0.152083
13 0.770312 0.525 0.459375 0.2625
13 0.23125 0.553125 0.4625 0.152083
13 0.770312 0.551042 0.459375 0.20625
13 0.23125 0.552083 0.4625 0.154167
13 0.770312 0.558333 0.459375 0.2
13 0.23125 0.554167 0.4625 0.15
13 0.770312 0.534375 0.459375 0.247917
13 0.23125 0.553125 0.4625 0.152083
13 0.23125 0.552083 0.4625 0.154167
13 0.23125 0.551042 0.4625 0.15625
13 0.23125 0.55 0.4625 0.158333
13 0.23125 0.552083 0.4625 0.1625
13 0.230469 0.552083 0.460938 0.154167
13 0.23125 0.551042 0.4625 0.15625
13 0.23125 0.55 0.4625 0.1625
13 0.499219 0.547917 0.995313 0.195833
13 0.23125 0.551042 0.4625 0.160417
13 0.775 0.534375 0.45 0.24375
13 0.23125 0.554167 0.4625 0.158333
13 0.785937 0.578125 0.425 0.152083
13 0.5 0.551042 0.996875 0.189583
13 0.789844 0.579167 0.417188 0.15
13 0.789062 0.578125 0.41875 0.152083
13 0.23125 0.551042 0.4625 0.160417
13 0.795313 0.579167 0.409375 0.15
13 0.23125 0.553125 0.4625 0.15625
13 0.796094 0.58125 0.407813 0.15
13 0.230469 0.552083 0.460938 0.1625
13 0.23125 0.553125 0.4625 0.160417
13 0.23125 0.551042 0.4625 0.160417
13 0.23125 0.55 0.4625 0.158333
13 0.23125 0.557292 0.4625 0.15625
13 0.8 0.579167 0.4 0.15
13 0.498437 0.55625 0.996875 0.208333
13 0.796875 0.579167 0.40625 0.15
13 0.5 0.551042 1 0.19375
13 0.789062 0.530208 0.40625 0.25625
13 0.498437 0.552083 0.996875 0.2125
13 0.23125 0.552083 0.4625 0.1625
13 0.800781 0.580208 0.398438 0.147917
13 0.802344 0.582292 0.395312 0.147917
13 0.804688 0.582292 0.390625 0.147917
13 0.230469 0.551042 0.460938 0.160417
13 0.804688 0.580208 0.390625 0.147917
13 0.80625 0.58125 0.384375 0.145833
13 0.23125 0.548958 0.4625 0.164583
13 0.807813 0.58125 0.384375 0.145833
13 0.808594 0.58125 0.382812 0.145833
13 0.5 0.55 1 0.191667
13 0.804688 0.58125 0.390625 0.145833
13 0.23125 0.551042 0.4625 0.160417
13 0.809375 0.58125 0.38125 0.145833
13 0.810938 0.58125 0.378125 0.145833
13 0.23125 0.552083 0.4625 0.1625
13 0.811719 0.582292 0.376563 0.14375
13 0.780469 0.578125 0.435937 0.152083
13 0.814062 0.582292 0.371875 0.14375
13 0.814844 0.583333 0.370313 0.141667
13 0.815625 0.583333 0.36875 0.145833
13 0.817969 0.582292 0.364062 0.14375
13 0.501562 0.540625 0.996875 0.18125
13 0.5 0.540625 0.99375 0.189583
13 0.820312 0.583333 0.359375 0.141667
13 0.822656 0.583333 0.354688 0.141667
13 0.823438 0.58125 0.353125 0.1375
13 0.499219 0.551042 0.995313 0.202083
13 0.824219 0.582292 0.351562 0.135417
13 0.825 0.579167 0.35 0.129167
13 0.951563 0.542708 0.096875 0.0604167
13 0.498437 0.545833 0.996875 0.216667
13 0.499219 0.547917 0.995313 0.220833
42 0.967188 0.541667 0.065625 0.0583333
13 0.499219 0.548958 0.995313 0.21875
13 0.498437 0.546875 0.996875 0.227083
13 0.497656 0.551042 0.995313 0.222917
13 0.498437 0.551042 0.996875 0.222917
13 0.497656 0.546875 0.995313 0.21875
13 0.497656 0.547917 0.995313 0.225
13 0.497656 0.547917 0.995313 0.225
13 0.498437 0.546875 0.996875 0.21875
60 0.853906 0.590625 0.292188 0.11875
13 0.499219 0.539583 0.992188 0.2125
60 0.867188 0.592708 0.265625 0.110417
13 0.499219 0.536458 0.992188 0.20625
13 0.499219 0.538542 0.995313 0.20625
60 0.871875 0.592708 0.25625 0.110417
13 0.499219 0.54375 0.992188 0.2125
60 0.874219 0.592708 0.251563 0.110417
60 0.878125 0.594792 0.24375 0.110417
13 0.499219 0.5375 0.995313 0.2
60 0.879687 0.59375 0.240625 0.104167
60 0.882812 0.592708 0.234375 0.102083
60 0.885938 0.594792 0.228125 0.102083
60 0.889063 0.595833 0.221875 0.1
60 0.892187 0.594792 0.215625 0.0979167
60 0.895312 0.595833 0.209375 0.1
60 0.898438 0.596875 0.203125 0.0979167
13 0.499219 0.540625 0.995313 0.202083
60 0.903125 0.596875 0.19375 0.0979167
60 0.905469 0.597917 0.189063 0.0958333
60 0.909375 0.597917 0.18125 0.0958333
60 0.913281 0.6 0.173438 0.0916667
60 0.917188 0.6 0.165625 0.0916667
60 0.921094 0.601042 0.157813 0.0895833
60 0.925 0.601042 0.15 0.0854167
60 0.929688 0.601042 0.140625 0.0854167
71 0.934375 0.6 0.13125 0.0833333
60 0.933594 0.601042 0.132812 0.08125
71 0.938281 0.601042 0.123438 0.0770833
60 0.938281 0.601042 0.123438 0.0770833
71 0.942969 0.601042 0.114063 0.0729167
60 0.942969 0.601042 0.114063 0.0729167
71 0.948438 0.6 0.103125 0.075
60 0.947656 0.6 0.104687 0.0708333
71 0.953125 0.6 0.09375 0.0666667
60 0.958594 0.598958 0.0828125 0.0645833
71 0.958594 0.6 0.0828125 0.0625
60 0.964063 0.598958 0.071875 0.05625
45 0.964063 0.6 0.071875 0.0583333
71 0.964063 0.6 0.071875 0.0583333
71 0.969531 0.597917 0.0609375 0.0541667
45 0.975 0.596875 0.05 0.0479167
71 0.975 0.596875 0.05 0.0479167
71 0.98125 0.595833 0.0375 0.0416667
71 0.986719 0.595833 0.0265625 0.0333333
13 0.498437 0.5375 0.990625 0.195833
13 0.499219 0.539583 0.992188 0.229167
